root - INFO - **********
root - INFO - Loading model files from folder: /home/henry/Documents/marine-debris/semantic_segmentation/DeepLabV3+/../DeepLabV3+/trained_models/44/model.pth
root - INFO - 

root - INFO - STATISTICS: 

root - INFO - Evaluation: {'macroPrec': 0.4051163862507767, 'microPrec': 0.9061391849658478, 'weightPrec': 0.902499686195188, 'macroRec': 0.4754255343241749, 'microRec': 0.9061391849658478, 'weightRec': 0.9061391849658478, 'macroF1': 0.41480706052566946, 'microF1': 0.9061391849658478, 'weightF1': 0.90015454526341, 'subsetAcc': 0.9061391849658478, 'IoU': 0.3656664610464943}
root - INFO - Confusion Matrix:  
                         Marine Debris Dense Sargassum Sparse Sargassum Natural Organic Material    Ship   Clouds Marine Water Sediment-Laden Water Foam Turbid Water Shallow Water        Sum Recall
Marine Debris                    293.0             0.0              0.0                      0.0     0.0      0.0         88.0                  0.0  0.0          0.0           0.0      381.0   0.77
Dense Sargassum                  760.0             0.0              0.0                      0.0     0.0      0.0          0.0                  0.0  0.0          0.0           0.0      760.0    0.0
Sparse Sargassum                 858.0             0.0              0.0                      0.0     0.0      0.0         23.0                  0.0  0.0          0.0           0.0      881.0    0.0
Natural Organic Material          41.0             0.0              0.0                      0.0     0.0      0.0          8.0                  0.0  0.0          0.0           0.0       49.0    0.0
Ship                              67.0             0.0              0.0                      0.0  1031.0      0.0         64.0                  8.0  0.0          4.0           0.0     1174.0   0.88
Clouds                            24.0             0.0              0.0                      0.0     6.0  26831.0       5981.0                  1.0  0.0          0.0           0.0    32843.0   0.82
Marine Water                     479.0             0.0              0.0                      0.0   262.0    104.0      28592.0                  0.0  0.0       1182.0           0.0    30619.0   0.93
Sediment-Laden Water               0.0             0.0              0.0                      0.0     0.0      0.0         21.0              93016.0  0.0          0.0           0.0    93037.0    1.0
Foam                             142.0             0.0              0.0                      0.0   109.0     13.0        101.0                 22.0  0.0          0.0           0.0      387.0    0.0
Turbid Water                       4.0             0.0              0.0                      0.0    33.0      0.0       1510.0               3869.0  0.0      26810.0           0.0    32226.0   0.83
Shallow Water                     64.0             0.0              0.0                      0.0     8.0    179.0       1620.0                  0.0  0.0        635.0           0.0     2506.0    0.0
Sum                             2732.0             0.0              0.0                      0.0  1449.0  27127.0      38008.0              96916.0  0.0      28631.0           0.0       mPA:   0.48
IoU                                0.1             0.0              0.0                      0.0    0.65     0.81         0.71                 0.96  0.0         0.79           0.0      mIoU:   0.37
Precision                         0.11             0.0              0.0                      0.0    0.71     0.99         0.75                 0.96  0.0         0.94           0.0        OA:   0.91
F1-score                          0.19             0.0              0.0                      0.0    0.79     0.89         0.83                 0.98  0.0         0.88           0.0  F1-macro:   0.41
